<?xml version="1.0" encoding="UTF-8"?>
<testsuite xmlns:xsi="http://www.w3.org/2001/XMLSchema-instance" xsi:noNamespaceSchemaLocation="https://maven.apache.org/surefire/maven-surefire-plugin/xsd/surefire-test-report.xsd" version="3.0.2" name="com.optifly.Optifly.OptiflyApplicationTests" time="7.984" tests="1" errors="0" skipped="0" failures="0">
  <properties>
[...]
</properties>
  <testcase name="contextLoads" classname="com.optifly.Optifly.OptiflyApplicationTests" time="0.627">
    <system-out><![CDATA[15:47:39.649 [main] INFO org.springframework.test.context.support.AnnotationConfigContextLoaderUtils -- Could not detect default configuration classes for test class [com.optifly.Optifly.OptiflyApplicationTests]: OptiflyApplicationTests does not declare any static, non-private, non-final, nested classes annotated with @Configuration.
15:47:39.834 [main] INFO org.springframework.boot.test.context.SpringBootTestContextBootstrapper -- Found @SpringBootConfiguration com.optifly.OptiFlyApplication for test class com.optifly.Optifly.OptiflyApplicationTests

  .   ____          _            __ _ _
 /\\ / ___'_ __ _ _(_)_ __  __ _ \ \ \ \
( ( )\___ | '_ | '_| | '_ \/ _` | \ \ \ \
 \\/  ___)| |_)| | | | | || (_| |  ) ) ) )
  '  |____| .__|_| |_|_| |_\__, | / / / /
 =========|_|==============|___/=/_/_/_/

 :: Spring Boot ::               (v3.4.10)

2025-10-17T15:47:40.652+05:30  WARN 2496 --- [Optifly] [           main] ory$DuplicateJsonObjectContextCustomizer : 

Found multiple occurrences of org.json.JSONObject on the class path:

	jar:file:/C:/Users/Abhay%20Kalojia/.m2/repository/org/json/json/20240303/json-20240303.jar!/org/json/JSONObject.class
	jar:file:/C:/Users/Abhay%20Kalojia/.m2/repository/com/vaadin/external/google/android-json/0.0.20131108.vaadin1/android-json-0.0.20131108.vaadin1.jar!/org/json/JSONObject.class

You may wish to exclude one of them to ensure predictable runtime behavior

2025-10-17T15:47:40.710+05:30  INFO 2496 --- [Optifly] [           main] c.o.Optifly.OptiflyApplicationTests      : Starting OptiflyApplicationTests using Java 23.0.2 with PID 2496 (started by Abhay Kalojia in C:\Users\Abhay Kalojia\Desktop\Optifly)
2025-10-17T15:47:40.711+05:30 DEBUG 2496 --- [Optifly] [           main] c.o.Optifly.OptiflyApplicationTests      : Running with Spring Boot v3.4.10, Spring v6.2.11
2025-10-17T15:47:40.713+05:30  INFO 2496 --- [Optifly] [           main] c.o.Optifly.OptiflyApplicationTests      : No active profile set, falling back to 1 default profile: "default"
2025-10-17T15:47:41.940+05:30  INFO 2496 --- [Optifly] [           main] .s.d.r.c.RepositoryConfigurationDelegate : Bootstrapping Spring Data JPA repositories in DEFAULT mode.
2025-10-17T15:47:42.029+05:30  INFO 2496 --- [Optifly] [           main] .s.d.r.c.RepositoryConfigurationDelegate : Finished Spring Data repository scanning in 73 ms. Found 1 JPA repository interface.
2025-10-17T15:47:42.670+05:30  INFO 2496 --- [Optifly] [           main] o.hibernate.jpa.internal.util.LogHelper  : HHH000204: Processing PersistenceUnitInfo [name: default]
2025-10-17T15:47:42.789+05:30  INFO 2496 --- [Optifly] [           main] org.hibernate.Version                    : HHH000412: Hibernate ORM core version 6.6.29.Final
2025-10-17T15:47:42.840+05:30  INFO 2496 --- [Optifly] [           main] o.h.c.internal.RegionFactoryInitiator    : HHH000026: Second-level cache disabled
2025-10-17T15:47:43.465+05:30  INFO 2496 --- [Optifly] [           main] o.s.o.j.p.SpringPersistenceUnitInfo      : No LoadTimeWeaver setup: ignoring JPA class transformer
2025-10-17T15:47:43.516+05:30  INFO 2496 --- [Optifly] [           main] com.zaxxer.hikari.HikariDataSource       : HikariPool-1 - Starting...
2025-10-17T15:47:43.792+05:30  INFO 2496 --- [Optifly] [           main] com.zaxxer.hikari.pool.HikariPool        : HikariPool-1 - Added connection com.mysql.cj.jdbc.ConnectionImpl@4656fcc5
2025-10-17T15:47:43.795+05:30  INFO 2496 --- [Optifly] [           main] com.zaxxer.hikari.HikariDataSource       : HikariPool-1 - Start completed.
2025-10-17T15:47:43.854+05:30  WARN 2496 --- [Optifly] [           main] org.hibernate.dialect.Dialect            : HHH000511: The 5.5.5 version for [org.hibernate.dialect.MySQLDialect] is no longer supported, hence certain features may not work properly. The minimum supported version is 8.0.0. Check the community dialects project for available legacy versions.
2025-10-17T15:47:43.860+05:30  WARN 2496 --- [Optifly] [           main] org.hibernate.orm.deprecation            : HHH90000025: MySQLDialect does not need to be specified explicitly using 'hibernate.dialect' (remove the property setting and it will be selected by default)
2025-10-17T15:47:43.889+05:30  INFO 2496 --- [Optifly] [           main] org.hibernate.orm.connections.pooling    : HHH10001005: Database info:
	Database JDBC URL [Connecting through datasource 'HikariDataSource (HikariPool-1)']
	Database driver: undefined/unknown
	Database version: 5.5.5
	Autocommit mode: undefined/unknown
	Isolation level: undefined/unknown
	Minimum pool size: undefined/unknown
	Maximum pool size: undefined/unknown
2025-10-17T15:47:45.171+05:30  INFO 2496 --- [Optifly] [           main] o.h.e.t.j.p.i.JtaPlatformInitiator       : HHH000489: No JTA platform available (set 'hibernate.transaction.jta.platform' to enable JTA platform integration)
2025-10-17T15:47:45.266+05:30  INFO 2496 --- [Optifly] [           main] j.LocalContainerEntityManagerFactoryBean : Initialized JPA EntityManagerFactory for persistence unit 'default'
2025-10-17T15:47:45.996+05:30  WARN 2496 --- [Optifly] [           main] JpaBaseConfiguration$JpaWebConfiguration : spring.jpa.open-in-view is enabled by default. Therefore, database queries may be performed during view rendering. Explicitly configure spring.jpa.open-in-view to disable this warning
2025-10-17T15:47:46.041+05:30  INFO 2496 --- [Optifly] [           main] o.s.b.a.w.s.WelcomePageHandlerMapping    : Adding welcome page: class path resource [static/index.html]
2025-10-17T15:47:46.606+05:30  WARN 2496 --- [Optifly] [           main] ion$DefaultTemplateResolverConfiguration : Cannot find template location: classpath:/templates/ (please add some templates, check your Thymeleaf configuration, or set spring.thymeleaf.check-template-location=false)
2025-10-17T15:47:46.707+05:30  INFO 2496 --- [Optifly] [           main] c.o.Optifly.OptiflyApplicationTests      : Started OptiflyApplicationTests in 6.536 seconds (process running for 8.209)
]]></system-out>
    <system-err><![CDATA[Mockito is currently self-attaching to enable the inline-mock-maker. This will no longer work in future releases of the JDK. Please add Mockito as an agent to your build what is described in Mockito's documentation: https://javadoc.io/doc/org.mockito/mockito-core/latest/org/mockito/Mockito.html#0.3
WARNING: A Java agent has been loaded dynamically (C:\Users\Abhay Kalojia\.m2\repository\net\bytebuddy\byte-buddy-agent\1.15.11\byte-buddy-agent-1.15.11.jar)
WARNING: If a serviceability tool is in use, please run with -XX:+EnableDynamicAgentLoading to hide this warning
WARNING: If a serviceability tool is not in use, please run with -Djdk.instrument.traceUsage for more information
WARNING: Dynamic loading of agents will be disallowed by default in a future release
]]></system-err>
  </testcase>
</testsuite>